<?xml version="1.0" encoding="UTF-8"?>
<testsuite xmlns:xsi="http://www.w3.org/2001/XMLSchema-instance" xsi:noNamespaceSchemaLocation="https://maven.apache.org/surefire/maven-surefire-plugin/xsd/surefire-test-report.xsd" name="voucherengine.SmartVoucherValidatorTest" time="0.097" tests="33" errors="0" skipped="0" failures="3">
  <properties>
[...]
</properties>
  <testcase name="testInvalidDateDay21" classname="voucherengine.SmartVoucherValidatorTest" time="0.028"/>
  <testcase name="testInvalidDateDay31" classname="voucherengine.SmartVoucherValidatorTest" time="0.001"/>
  <testcase name="testWrongLength" classname="voucherengine.SmartVoucherValidatorTest" time="0.001"/>
  <testcase name="testEmptyVoucherCode" classname="voucherengine.SmartVoucherValidatorTest" time="0"/>
  <testcase name="testWrongPrefix" classname="voucherengine.SmartVoucherValidatorTest" time="0"/>
  <testcase name="testRequestWithNullCode" classname="voucherengine.SmartVoucherValidatorTest" time="0.003"/>
  <testcase name="testRequestWithNullDate" classname="voucherengine.SmartVoucherValidatorTest" time="0.001"/>
  <testcase name="testNullDate" classname="voucherengine.SmartVoucherValidatorTest" time="0.001"/>
  <testcase name="testNullVoucherCode" classname="voucherengine.SmartVoucherValidatorTest" time="0.001"/>
  <testcase name="testValidCodeWithInvalidDate" classname="voucherengine.SmartVoucherValidatorTest" time="0.001"/>
  <testcase name="testOddDigitSum" classname="voucherengine.SmartVoucherValidatorTest" time="0.016">
    <failure message="expected: &lt;false&gt; but was: &lt;true&gt;" type="org.opentest4j.AssertionFailedError"><![CDATA[org.opentest4j.AssertionFailedError: expected: <false> but was: <true>
	at voucherengine.SmartVoucherValidatorTest.testOddDigitSum(SmartVoucherValidatorTest.java:94)
]]></failure>
  </testcase>
  <testcase name="testEvenDigitSum18" classname="voucherengine.SmartVoucherValidatorTest" time="0.002">
    <failure message="expected: &lt;true&gt; but was: &lt;false&gt;" type="org.opentest4j.AssertionFailedError"><![CDATA[org.opentest4j.AssertionFailedError: expected: <true> but was: <false>
	at voucherengine.SmartVoucherValidatorTest.testEvenDigitSum18(SmartVoucherValidatorTest.java:153)
]]></failure>
  </testcase>
  <testcase name="testEvenDigitSum0" classname="voucherengine.SmartVoucherValidatorTest" time="0"/>
  <testcase name="testEvenDigitSum2" classname="voucherengine.SmartVoucherValidatorTest" time="0.001"/>
  <testcase name="testInvalidRequest" classname="voucherengine.SmartVoucherValidatorTest" time="0.001"/>
  <testcase name="testValidCodeWithValidDate" classname="voucherengine.SmartVoucherValidatorTest" time="0.001"/>
  <testcase name="testValidSpecialSymbols" classname="voucherengine.SmartVoucherValidatorTest" time="0.002">
    <failure message="expected: &lt;true&gt; but was: &lt;false&gt;" type="org.opentest4j.AssertionFailedError"><![CDATA[org.opentest4j.AssertionFailedError: expected: <true> but was: <false>
	at voucherengine.SmartVoucherValidatorTest.testValidSpecialSymbols(SmartVoucherValidatorTest.java:128)
]]></failure>
  </testcase>
  <testcase name="testNonSpecialSymbols" classname="voucherengine.SmartVoucherValidatorTest" time="0.002"/>
  <testcase name="testValidCodeFormat" classname="voucherengine.SmartVoucherValidatorTest" time="0.001"/>
  <testcase name="testNullTransactionDate" classname="voucherengine.SmartVoucherValidatorTest" time="0.001"/>
  <testcase name="testInvalidDateDay1" classname="voucherengine.SmartVoucherValidatorTest" time="0"/>
  <testcase name="testInvalidDateDay9" classname="voucherengine.SmartVoucherValidatorTest" time="0"/>
  <testcase name="testInvalidCodeWithValidDate" classname="voucherengine.SmartVoucherValidatorTest" time="0"/>
  <testcase name="testOddDigitSum1" classname="voucherengine.SmartVoucherValidatorTest" time="0.001"/>
  <testcase name="testNonNumericDigits" classname="voucherengine.SmartVoucherValidatorTest" time="0.001"/>
  <testcase name="testValidRequest" classname="voucherengine.SmartVoucherValidatorTest" time="0.001"/>
  <testcase name="testEndToEndWithBoundaryDates" classname="voucherengine.SmartVoucherValidatorTest" time="0.001"/>
  <testcase name="testValidDateDay10" classname="voucherengine.SmartVoucherValidatorTest" time="0.001"/>
  <testcase name="testValidDateDay15" classname="voucherengine.SmartVoucherValidatorTest" time="0.001"/>
  <testcase name="testValidDateDay20" classname="voucherengine.SmartVoucherValidatorTest" time="0.001"/>
  <testcase name="testValidDateRangeAnyMonth" classname="voucherengine.SmartVoucherValidatorTest" time="0.001"/>
  <testcase name="testMultipleValidCodes" classname="voucherengine.SmartVoucherValidatorTest" time="0"/>
  <testcase name="testNullRequest" classname="voucherengine.SmartVoucherValidatorTest" time="0"/>
</testsuite>